2026-02-18 11:06:20 [] INFO  com.hdfc.bff.bffservicenew.BffServiceNewApplication - Starting BffServiceNewApplication using Java 17.0.2 with PID 10576 (C:\Users\sharm\Desktop\Backend-Main_branch\be-unified-log-analysis\BFF_SERVICE\bff-service-new\target\classes started by sharm in C:\Users\sharm\Desktop\Backend-Main_branch\be-unified-log-analysis\BFF_SERVICE\bff-service-new)
2026-02-18 11:06:20 [] DEBUG com.hdfc.bff.bffservicenew.BffServiceNewApplication - Running with Spring Boot v4.0.2, Spring v7.0.3
2026-02-18 11:06:20 [] INFO  com.hdfc.bff.bffservicenew.BffServiceNewApplication - No active profile set, falling back to 1 default profile: "default"
2026-02-18 11:06:24 [] INFO  org.springframework.cloud.context.scope.GenericScope - BeanFactory id=5462d330-336d-3bdc-87be-706018db2e69
2026-02-18 11:06:25 [] INFO  org.springframework.boot.tomcat.TomcatWebServer - Tomcat initialized with port 8080 (http)
2026-02-18 11:06:25 [] INFO  org.apache.catalina.core.StandardService - Starting service [Tomcat]
2026-02-18 11:06:25 [] INFO  org.apache.catalina.core.StandardEngine - Starting Servlet engine: [Apache Tomcat/11.0.15]
2026-02-18 11:06:25 [] INFO  org.springframework.boot.web.context.servlet.WebApplicationContextInitializer - Root WebApplicationContext: initialization completed in 4433 ms
2026-02-18 11:06:26 [] DEBUG com.hdfc.bff.bffservicenew.security.JwtAuthenticationFilter - Filter 'jwtAuthenticationFilter' configured for use
2026-02-18 11:06:26 [] DEBUG com.hdfc.bff.bffservicenew.filter.RequestLoggingFilter - Filter 'requestLoggingFilter' configured for use
2026-02-18 11:06:27 [] INFO  org.springframework.security.config.annotation.authentication.configuration.InitializeUserDetailsBeanManagerConfigurer$InitializeUserDetailsManagerConfigurer - Global AuthenticationManager configured with UserDetailsService bean with name inMemoryUserDetailsManager
2026-02-18 11:06:27 [] INFO  org.springframework.validation.beanvalidation.OptionalValidatorFactoryBean - Failed to set up a Bean Validation provider: jakarta.validation.NoProviderFoundException: Unable to create a Configuration, because no Jakarta Validation provider could be found. Add a provider like Hibernate Validator (RI) to your classpath.
2026-02-18 11:06:28 [] INFO  org.springframework.boot.actuate.endpoint.web.EndpointLinksResolver - Exposing 2 endpoints beneath base path '/actuator'
2026-02-18 11:06:28 [] INFO  org.springframework.boot.tomcat.TomcatWebServer - Tomcat started on port 8080 (http) with context path '/'
2026-02-18 11:06:29 [] INFO  com.hdfc.bff.bffservicenew.BffServiceNewApplication - Started BffServiceNewApplication in 10.922 seconds (process running for 13.163)
2026-02-18 11:06:51 [] INFO  org.apache.catalina.core.ContainerBase.[Tomcat].[localhost].[/] - Initializing Spring DispatcherServlet 'dispatcherServlet'
2026-02-18 11:06:51 [] INFO  org.springframework.web.servlet.DispatcherServlet - Initializing Servlet 'dispatcherServlet'
2026-02-18 11:06:51 [] INFO  org.springframework.web.servlet.DispatcherServlet - Completed initialization in 3 ms
2026-02-18 11:06:51 [279ee97c-bf15-4e60-8552-282004b60c21] INFO  com.hdfc.bff.bffservicenew.filter.RequestLoggingFilter - Incoming Request: POST /bff/login
2026-02-18 11:06:51 [279ee97c-bf15-4e60-8552-282004b60c21] INFO  com.hdfc.bff.bffservicenew.controller.BffController - Incoming login request at path: /bff/login
2026-02-18 11:06:51 [279ee97c-bf15-4e60-8552-282004b60c21] INFO  com.hdfc.bff.bffservicenew.service.AuthBffService - Login request received for email: baron
2026-02-18 11:06:54 [279ee97c-bf15-4e60-8552-282004b60c21] ERROR com.hdfc.bff.bffservicenew.exceptionHandler.GlobalExceptionHandler - Feign error raw body: 
2026-02-18 11:17:22 [804419ee-151c-45df-b584-bb20395609f6] INFO  com.hdfc.bff.bffservicenew.filter.RequestLoggingFilter - Incoming Request: POST /bff/login
2026-02-18 11:17:22 [804419ee-151c-45df-b584-bb20395609f6] INFO  com.hdfc.bff.bffservicenew.controller.BffController - Incoming login request at path: /bff/login
2026-02-18 11:17:23 [804419ee-151c-45df-b584-bb20395609f6] INFO  com.hdfc.bff.bffservicenew.service.AuthBffService - Login request received for email: baron
2026-02-18 11:17:25 [804419ee-151c-45df-b584-bb20395609f6] ERROR com.hdfc.bff.bffservicenew.exceptionHandler.GlobalExceptionHandler - Feign error raw body: 
2026-02-18 11:18:44 [9837b03a-5e6c-486c-bd9f-21d308a6d09f] INFO  com.hdfc.bff.bffservicenew.filter.RequestLoggingFilter - Incoming Request: POST /bff/journeys/list
2026-02-18 11:18:47 [9837b03a-5e6c-486c-bd9f-21d308a6d09f] ERROR com.hdfc.bff.bffservicenew.exceptionHandler.GlobalExceptionHandler - Feign error raw body: {"success":false,"responseData":{"message":"No journeys found for provided customerId/correlationId"}}
2026-02-18 11:19:03 [f0c48be3-fcf2-4775-b7e4-cce5232594ff] INFO  com.hdfc.bff.bffservicenew.filter.RequestLoggingFilter - Incoming Request: POST /bff/journeys/list
2026-02-18 11:20:15 [40596ff2-ff40-4c35-9094-37e45b06dd45] INFO  com.hdfc.bff.bffservicenew.filter.RequestLoggingFilter - Incoming Request: POST /bff/journeys/list
2026-02-18 11:20:16 [40596ff2-ff40-4c35-9094-37e45b06dd45] ERROR com.hdfc.bff.bffservicenew.exceptionHandler.GlobalExceptionHandler - Feign error raw body: {"success":false,"responseData":{"message":"No journeys found for provided customerId/correlationId"}}
2026-02-18 11:20:25 [23fa588f-3ba8-460e-92cf-249253282bb7] INFO  com.hdfc.bff.bffservicenew.filter.RequestLoggingFilter - Incoming Request: POST /bff/journeys/stages
2026-02-18 11:20:26 [23fa588f-3ba8-460e-92cf-249253282bb7] ERROR com.hdfc.bff.bffservicenew.exceptionHandler.GlobalExceptionHandler - Feign error raw body: {"success":false,"responseData":{"message":"No stages found for journeyId: JRN-601"}}
2026-02-18 11:20:40 [0a3a22e4-6c77-4054-8342-fe1d5ec70568] INFO  com.hdfc.bff.bffservicenew.filter.RequestLoggingFilter - Incoming Request: POST /bff/journeys/stages
2026-02-18 11:20:51 [83916591-43ba-4d80-b6f7-4997e4bcb2b9] INFO  com.hdfc.bff.bffservicenew.filter.RequestLoggingFilter - Incoming Request: POST /bff/journeys/stages
2026-02-18 11:20:53 [83916591-43ba-4d80-b6f7-4997e4bcb2b9] ERROR com.hdfc.bff.bffservicenew.exceptionHandler.GlobalExceptionHandler - Feign error raw body: {"success":false,"responseData":{"message":"No stages found for journeyId: JRN-611"}}
2026-02-18 12:07:15 [] INFO  org.springframework.boot.tomcat.GracefulShutdown - Commencing graceful shutdown. Waiting for active requests to complete
2026-02-18 12:07:16 [] INFO  org.springframework.boot.tomcat.GracefulShutdown - Graceful shutdown complete
